<?xml version="1.0" encoding="UTF-8"?>
<TestRun id="817704d3-605e-4cae-a6bf-54605d73e14f" name="BC_Programming@TERATRON 2010-07-21 14:08:11" runUser="TERATRON\BC_Programming" xmlns="http://microsoft.com/schemas/VisualStudio/TeamTest/2006">
  <TestRunConfiguration name="Local Test Run" id="ddc50d58-c150-4597-9e4a-8070eba2b3a6">
    <Description>This is a default test run configuration for a local test run.</Description>
    <Deployment runDeploymentRoot="C:\Users\BC_Programming\Documents\Visual Studio 2008\Projects\BASeParser\TestResults\BC_Programming_TERATRON 2010-07-21 14_08_11">
      <DeploymentItem filename="C:\Users\BC_Programming\Documents\Visual Studio 2008\Projects\BASeParser\BASeParser\bin\Debug\BASeParser.dll" />
    </Deployment>
    <TestTypeSpecific />
  </TestRunConfiguration>
  <ResultSummary outcome="Failed">
    <Counters total="1" executed="1" error="0" failed="1" timeout="0" aborted="0" inconclusive="0" passedButRunAborted="0" notRunnable="0" notExecuted="0" disconnected="0" warning="0" passed="0" completed="0" inProgress="0" pending="0" />
    <RunInfos>
      <RunInfo computerName="TERATRON" outcome="Warning" timestamp="2010-07-21T14:08:11.6816507-07:00">
        <Text>Warning: conflict during test run deployment: deployment item 'c:\users\bc_programming\documents\visual studio 2008\projects\baseparser\bptester\bin\release\BASeParser.dll' directly or indirectly referenced by the test container 'c:\users\bc_programming\documents\visual studio 2008\projects\baseparser\bptester\bin\release\bptester.dll' cannot be deployed to 'BASeParser.dll' because otherwise the file 'c:\users\bc_programming\documents\visual studio 2008\projects\baseparser\bptester\bin\release\BASeParser.dll' would overwrite deployment item 'C:\Users\BC_Programming\Documents\Visual Studio 2008\Projects\BASeParser\BASeParser\bin\Debug\BASeParser.dll' directly or indirectly referenced by C:\Users\BC_Programming\Documents\Visual Studio 2008\Projects\BASeParser\BPtester\bin\Debug\BPtester.dll.</Text>
      </RunInfo>
    </RunInfos>
  </ResultSummary>
  <Times creation="2010-07-21T14:08:11.4106352-07:00" queuing="2010-07-21T14:08:11.6836508-07:00" start="2010-07-21T14:08:11.8216587-07:00" finish="2010-07-21T14:08:12.3756904-07:00" />
  <TestDefinitions>
    <UnitTest name="TestOperators" storage="c:\users\bc_programming\documents\visual studio 2008\projects\baseparser\bptester\bin\release\bptester.dll" id="52a188db-9a6e-8d99-9ef7-f3540ffdb001">
      <Css projectStructure="" iteration="" />
      <Owners>
        <Owner name="" />
      </Owners>
      <Execution id="480b330f-89b6-454d-8d40-4d2a962a4ae5" />
      <TestMethod codeBase="C:\Users\BC_Programming\Documents\Visual Studio 2008\Projects\BASeParser\BPtester\bin\Release\BPtester.dll" adapterTypeName="Microsoft.VisualStudio.TestTools.TestTypes.Unit.UnitTestAdapter, Microsoft.VisualStudio.QualityTools.Tips.UnitTest.Adapter, Version=9.0.0.0, Culture=neutral, PublicKeyToken=b03f5f7f11d50a3a" className="BPtester.BPTClass, BPtester" name="TestOperators" />
    </UnitTest>
  </TestDefinitions>
  <TestLists>
    <TestList name="Results Not in a List" id="8c84fa94-04c1-424b-9868-57a2d4851a1d" />
    <TestList name="All Loaded Results" id="19431567-8539-422a-85d7-44ee4e166bda" />
  </TestLists>
  <TestEntries>
    <TestEntry testId="52a188db-9a6e-8d99-9ef7-f3540ffdb001" executionId="480b330f-89b6-454d-8d40-4d2a962a4ae5" testListId="8c84fa94-04c1-424b-9868-57a2d4851a1d" />
  </TestEntries>
  <Results>
    <UnitTestResult executionId="480b330f-89b6-454d-8d40-4d2a962a4ae5" testId="52a188db-9a6e-8d99-9ef7-f3540ffdb001" testName="TestOperators" computerName="TERATRON" duration="00:00:00.0749374" startTime="2010-07-21T14:08:11.8656612-07:00" endTime="2010-07-21T14:08:12.3416885-07:00" testType="13cdc9d9-ddb5-4fa4-a97d-d965ccfc6d4b" outcome="Failed" testListId="8c84fa94-04c1-424b-9868-57a2d4851a1d">
      <Output>
        <DebugTrace>Parsedvalue returned:12
Parsedvalue returned:+
Parsedvalue returned:5
caching stack for formula:12+5, Length= 3
StackPushEvent:12
StackPushEvent:5
StackPushEvent:5
HandleOperator:+ OpA:12 OpB:5
StackPushEvent:17
StackPushEvent:17
StackPushEvent:17
Parsedvalue returned:{1,2,3}
Parsedvalue returned:1
caching stack for formula:1, Length= 1
Parsedvalue returned:2
caching stack for formula:2, Length= 1
Parsedvalue returned:3
caching stack for formula:3, Length= 1
caching stack for formula:{1,2,3}, Length= 1
StackPushEvent:1
StackPushEvent:2
StackPushEvent:3
HandleFunction:arrayparameters:System.Collections.Generic.List`1[System.Object]
StackPushEvent:System.Collections.Generic.List`1[System.Object]
</DebugTrace>
        <ErrorInfo>
          <Message>Assert.Fail failed. 1/2 tests failed.</Message>
          <StackTrace>   at BPtester.BPTClass.TestOperators() in C:\Users\BC_Programming\Documents\Visual Studio 2008\Projects\BASeParser\BPtester\BPTClass.cs:line 93
</StackTrace>
        </ErrorInfo>
      </Output>
    </UnitTestResult>
  </Results>
</TestRun>