<?xml version="1.0" encoding="UTF-8"?>
<TestRun id="9283800e-2296-4220-9f7f-5c664a82903b" name="BC_Programming@TERATRON 2010-07-21 14:03:43" runUser="TERATRON\BC_Programming" xmlns="http://microsoft.com/schemas/VisualStudio/TeamTest/2006">
  <TestRunConfiguration name="Local Test Run" id="ddc50d58-c150-4597-9e4a-8070eba2b3a6">
    <Description>This is a default test run configuration for a local test run.</Description>
    <Deployment userDeploymentRoot="C:\Users\BC_Programming\Documents\Visual Studio 2008\Projects\BASeParser\TestResults" useDefaultDeploymentRoot="false" runDeploymentRoot="C:\Users\BC_Programming\Documents\Visual Studio 2008\Projects\BASeParser\TestResults\BC_Programming_TERATRON 2010-07-21 14_03_43">
      <DeploymentItem filename="C:\Users\BC_Programming\Documents\Visual Studio 2008\Projects\BASeParser\BASeParser\bin\Release\BASeParser.dll" />
    </Deployment>
    <TestTypeSpecific />
  </TestRunConfiguration>
  <ResultSummary outcome="Completed">
    <Counters total="1" executed="1" passed="1" error="0" failed="0" timeout="0" aborted="0" inconclusive="0" passedButRunAborted="0" notRunnable="0" notExecuted="0" disconnected="0" warning="0" completed="0" inProgress="0" pending="0" />
  </ResultSummary>
  <Times creation="2010-07-21T14:03:43.7443256-07:00" queuing="2010-07-21T14:03:45.2044091-07:00" start="2010-07-21T14:03:45.3474173-07:00" finish="2010-07-21T14:04:04.1664936-07:00" />
  <TestDefinitions>
    <UnitTest name="TestOperators" storage="c:\users\bc_programming\documents\visual studio 2008\projects\baseparser\bptester\bin\release\bptester.dll" id="52a188db-9a6e-8d99-9ef7-f3540ffdb001">
      <Css projectStructure="" iteration="" />
      <Owners>
        <Owner name="" />
      </Owners>
      <Execution id="7b627920-70df-4362-9454-06ea227e6e1d" />
      <TestMethod codeBase="C:\Users\BC_Programming\Documents\Visual Studio 2008\Projects\BASeParser\BPtester\bin\Release\BPtester.dll" adapterTypeName="Microsoft.VisualStudio.TestTools.TestTypes.Unit.UnitTestAdapter, Microsoft.VisualStudio.QualityTools.Tips.UnitTest.Adapter, Version=9.0.0.0, Culture=neutral, PublicKeyToken=b03f5f7f11d50a3a" className="BPtester.BPTClass, BPtester" name="TestOperators" />
    </UnitTest>
  </TestDefinitions>
  <TestLists>
    <TestList name="Results Not in a List" id="8c84fa94-04c1-424b-9868-57a2d4851a1d" />
    <TestList name="All Loaded Results" id="19431567-8539-422a-85d7-44ee4e166bda" />
  </TestLists>
  <TestEntries>
    <TestEntry testId="52a188db-9a6e-8d99-9ef7-f3540ffdb001" executionId="7b627920-70df-4362-9454-06ea227e6e1d" testListId="8c84fa94-04c1-424b-9868-57a2d4851a1d" />
  </TestEntries>
  <Results>
    <UnitTestResult executionId="7b627920-70df-4362-9454-06ea227e6e1d" testId="52a188db-9a6e-8d99-9ef7-f3540ffdb001" testName="TestOperators" computerName="TERATRON" duration="00:00:18.0647127" startTime="2010-07-21T14:03:45.5054263-07:00" endTime="2010-07-21T14:04:04.0464868-07:00" testType="13cdc9d9-ddb5-4fa4-a97d-d965ccfc6d4b" outcome="Passed" testListId="8c84fa94-04c1-424b-9868-57a2d4851a1d">
      <Output>
      </Output>
    </UnitTestResult>
  </Results>
</TestRun>